{
  "RSpec": {
    "coverage": {
      "/Users/shathi/Projects/airport-revisited/spec/airport_spec.rb": [
        1,
        1,
        1,
        null,
        1,
        11,
        11,
        5,
        4,
        null,
        1,
        1,
        1,
        null,
        null,
        1,
        1,
        null,
        null,
        null,
        1,
        1,
        1,
        3,
        3,
        null,
        null,
        1,
        1,
        null,
        null,
        1,
        2,
        null,
        null,
        1,
        11,
        2,
        null,
        null,
        null,
        1,
        1,
        1,
        2,
        null,
        null,
        null,
        null,
        1,
        1,
        1,
        2,
        2,
        null,
        null,
        null,
        1,
        1,
        1,
        null,
        null,
        1,
        1,
        2,
        null,
        null,
        null,
        1,
        1,
        1,
        1,
        null,
        null,
        1,
        1,
        1,
        0,
        null,
        null,
        null,
        null,
        1,
        1,
        1,
        1,
        null,
        null,
        null
      ],
      "/Users/shathi/Projects/airport-revisited/lib/airport.rb": [
        1,
        1,
        null,
        1,
        1,
        1,
        null,
        1,
        null,
        1,
        10,
        10,
        10,
        null,
        null,
        1,
        19,
        18,
        17,
        16,
        16,
        null,
        null,
        1,
        4,
        3,
        3,
        2,
        2,
        null,
        null,
        1,
        null,
        1,
        17,
        null,
        null,
        1,
        23,
        null,
        null,
        1,
        3,
        3,
        null,
        null,
        1,
        21,
        null,
        null,
        1,
        21,
        null,
        null,
        1,
        20,
        null,
        null
      ],
      "/Users/shathi/Projects/airport-revisited/lib/weather.rb": [
        1,
        1,
        null,
        1,
        0,
        null,
        null,
        1,
        null,
        1,
        0,
        null,
        null
      ],
      "/Users/shathi/Projects/airport-revisited/lib/plane.rb": [
        1,
        null,
        1,
        null,
        1,
        12,
        null,
        null,
        1,
        11,
        null,
        null
      ],
      "/Users/shathi/Projects/airport-revisited/spec/plane_spec.rb": [
        1,
        null,
        1,
        3,
        null,
        1,
        1,
        1,
        null,
        null,
        null,
        1,
        1,
        1,
        null,
        null,
        null
      ],
      "/Users/shathi/Projects/airport-revisited/spec/weather_spec.rb": [
        1,
        null,
        1,
        3,
        null,
        1,
        1,
        1,
        1,
        null,
        null,
        1,
        1,
        1,
        null,
        null,
        null
      ]
    },
    "timestamp": 1534413513
  }
}
